2020-10-10 19:44:31,491 INFO: Microblog startup [in /home/william/workspace/EmalTest/microblog/app/__init__.py:47]
2020-10-10 19:44:35,696 INFO: Microblog startup [in /home/william/workspace/EmalTest/microblog/app/__init__.py:47]
2020-10-10 19:51:10,889 INFO: Microblog startup [in /home/william/workspace/EmalTest/microblog/app/__init__.py:47]
2020-10-10 19:51:19,823 INFO: Microblog startup [in /home/william/workspace/EmalTest/microblog/app/__init__.py:47]
2020-10-10 19:51:37,830 INFO: Microblog startup [in /home/william/workspace/EmalTest/microblog/app/__init__.py:47]
2020-10-10 19:56:51,672 INFO: Microblog startup [in /home/william/workspace/EmalTest/microblog/app/__init__.py:47]
2020-10-10 20:00:18,558 INFO: Microblog startup [in /home/william/workspace/EmalTest/microblog/app/__init__.py:47]
2020-10-10 20:00:47,191 ERROR: Exception on /register [POST] [in /home/william/workspace/EmalTest/env/lib/python3.8/site-packages/flask/app.py:1891]
Traceback (most recent call last):
  File "/home/william/workspace/EmalTest/env/lib/python3.8/site-packages/flask/app.py", line 2447, in wsgi_app
    response = self.full_dispatch_request()
  File "/home/william/workspace/EmalTest/env/lib/python3.8/site-packages/flask/app.py", line 1952, in full_dispatch_request
    rv = self.handle_user_exception(e)
  File "/home/william/workspace/EmalTest/env/lib/python3.8/site-packages/flask/app.py", line 1821, in handle_user_exception
    reraise(exc_type, exc_value, tb)
  File "/home/william/workspace/EmalTest/env/lib/python3.8/site-packages/flask/_compat.py", line 39, in reraise
    raise value
  File "/home/william/workspace/EmalTest/env/lib/python3.8/site-packages/flask/app.py", line 1950, in full_dispatch_request
    rv = self.dispatch_request()
  File "/home/william/workspace/EmalTest/env/lib/python3.8/site-packages/flask/app.py", line 1936, in dispatch_request
    return self.view_functions[rule.endpoint](**req.view_args)
  File "/home/william/workspace/EmalTest/microblog/app/routes.py", line 88, in register
    user.set_inactive()
TypeError: set_inactive() takes 0 positional arguments but 1 was given
2020-10-10 20:01:12,738 INFO: Microblog startup [in /home/william/workspace/EmalTest/microblog/app/__init__.py:47]
